c:\users\mangr\source\repos\saod_sfml\x64\debug\vc142.pdb
c:\users\mangr\source\repos\saod_sfml\x64\debug\vc142.idb
c:\users\mangr\source\repos\saod_sfml\x64\debug\selectsort.obj
c:\users\mangr\source\repos\saod_sfml\x64\debug\menu.obj
c:\users\mangr\source\repos\saod_sfml\x64\debug\main.obj
c:\users\mangr\source\repos\saod_sfml\x64\debug\fillarr.obj
c:\users\mangr\source\repos\saod_sfml\x64\debug\shakersort.obj
c:\users\mangr\source\repos\saod_sfml\x64\debug\bubblesort.obj
c:\users\mangr\source\repos\saod_sfml\x64\debug\arroperations.obj
c:\users\mangr\source\repos\saod_sfml\x64\debug\compare.obj
c:\users\mangr\source\repos\saod_sfml\x64\debug\constants.obj
c:\users\mangr\source\repos\saod_sfml\x64\debug\insertionsort.obj
c:\users\mangr\source\repos\saod_sfml\x64\debug\saod_sfml.exe
c:\users\mangr\source\repos\saod_sfml\x64\debug\saod_sfml.ilk
c:\users\mangr\source\repos\saod_sfml\x64\debug\saod_sfml.pdb
c:\users\mangr\source\repos\saod_sfml\x64\debug\saod_sfml.tlog\cl.command.1.tlog
c:\users\mangr\source\repos\saod_sfml\x64\debug\saod_sfml.tlog\cl.read.1.tlog
c:\users\mangr\source\repos\saod_sfml\x64\debug\saod_sfml.tlog\cl.write.1.tlog
c:\users\mangr\source\repos\saod_sfml\x64\debug\saod_sfml.tlog\link-cvtres.read.1.tlog
c:\users\mangr\source\repos\saod_sfml\x64\debug\saod_sfml.tlog\link-cvtres.write.1.tlog
c:\users\mangr\source\repos\saod_sfml\x64\debug\saod_sfml.tlog\link-rc.read.1.tlog
c:\users\mangr\source\repos\saod_sfml\x64\debug\saod_sfml.tlog\link-rc.write.1.tlog
c:\users\mangr\source\repos\saod_sfml\x64\debug\saod_sfml.tlog\link.11948-cvtres.read.1.tlog
c:\users\mangr\source\repos\saod_sfml\x64\debug\saod_sfml.tlog\link.11948-cvtres.write.1.tlog
c:\users\mangr\source\repos\saod_sfml\x64\debug\saod_sfml.tlog\link.11948-rc.read.1.tlog
c:\users\mangr\source\repos\saod_sfml\x64\debug\saod_sfml.tlog\link.11948-rc.write.1.tlog
c:\users\mangr\source\repos\saod_sfml\x64\debug\saod_sfml.tlog\link.11948.read.1.tlog
c:\users\mangr\source\repos\saod_sfml\x64\debug\saod_sfml.tlog\link.11948.write.1.tlog
c:\users\mangr\source\repos\saod_sfml\x64\debug\saod_sfml.tlog\link.command.1.tlog
c:\users\mangr\source\repos\saod_sfml\x64\debug\saod_sfml.tlog\link.read.1.tlog
c:\users\mangr\source\repos\saod_sfml\x64\debug\saod_sfml.tlog\link.write.1.tlog
