  compare.cpp
C:\Users\mangr\source\repos\SAOD_SFML\compare.cpp(174,55): warning C4244: 'argument': conversion from 'int' to 'T', possible loss of data
          with
          [
              T=float
          ]
C:\Users\mangr\source\repos\SAOD_SFML\compare.cpp(174,41): warning C4244: 'argument': conversion from 'int' to 'T', possible loss of data
          with
          [
              T=float
          ]
C:\Users\mangr\source\repos\SAOD_SFML\compare.cpp(184,55): warning C4244: 'argument': conversion from 'int' to 'T', possible loss of data
          with
          [
              T=float
          ]
C:\Users\mangr\source\repos\SAOD_SFML\compare.cpp(184,41): warning C4244: 'argument': conversion from 'int' to 'T', possible loss of data
          with
          [
              T=float
          ]
C:\Users\mangr\source\repos\SAOD_SFML\compare.cpp(194,55): warning C4244: 'argument': conversion from 'int' to 'T', possible loss of data
          with
          [
              T=float
          ]
C:\Users\mangr\source\repos\SAOD_SFML\compare.cpp(194,41): warning C4244: 'argument': conversion from 'int' to 'T', possible loss of data
          with
          [
              T=float
          ]
C:\Users\mangr\source\repos\SAOD_SFML\compare.cpp(204,55): warning C4244: 'argument': conversion from 'int' to 'T', possible loss of data
          with
          [
              T=float
          ]
C:\Users\mangr\source\repos\SAOD_SFML\compare.cpp(204,41): warning C4244: 'argument': conversion from 'int' to 'T', possible loss of data
          with
          [
              T=float
          ]
C:\Users\mangr\source\repos\SAOD_SFML\compare.cpp(256,91): warning C4244: 'argument': conversion from 'int' to 'T', possible loss of data
          with
          [
              T=float
          ]
C:\Users\mangr\source\repos\SAOD_SFML\compare.cpp(256,82): warning C4244: 'argument': conversion from 'int' to 'T', possible loss of data
          with
          [
              T=float
          ]
  SAOD_SFML.vcxproj -> C:\Users\mangr\source\repos\SAOD_SFML\x64\Debug\SAOD_SFML.exe
